<?xml version="1.0" encoding="UTF-8"?>
<!-- Generated by org.testng.reporters.JUnitReportReporter -->
<testsuite hostname="subham" failures="0" tests="1" name="Teachmint.LoginTest" time="15.473" errors="0" timestamp="2024-04-05T00:09:45 IST" skipped="0">
  <testcase classname="Teachmint.LoginTest" name="loginTest" time="15.473"/>
  <system-out/>
</testsuite> <!-- Teachmint.LoginTest -->
