<?xml version="1.0" encoding="UTF-8"?>
<!-- Generated by org.testng.reporters.JUnitReportReporter -->
<testsuite hostname="subham" failures="0" tests="5" name="Teachmint.ValidateTeachMintSCLCertificateTest" time="22.361" errors="0" timestamp="2024-04-05T00:55:26 IST" skipped="0">
  <testcase classname="Teachmint.ValidateTeachMintSCLCertificateTest" name="selectAccountTest" time="4.412"/>
  <system-out/>
  <testcase classname="Teachmint.ValidateTeachMintSCLCertificateTest" name="enterDetails$ValidateTest" time="7.798"/>
  <system-out>
Document generated successfully  </system-out>
  <testcase classname="Teachmint.ValidateTeachMintSCLCertificateTest" name="certificateTest" time="5.786"/>
  <system-out/>
  <testcase classname="Teachmint.ValidateTeachMintSCLCertificateTest" name="loginTest" time="2.574"/>
  <system-out>
Successfully Login  </system-out>
  <testcase classname="Teachmint.ValidateTeachMintSCLCertificateTest" name="adminstTest" time="1.791"/>
  <system-out/>
</testsuite> <!-- Teachmint.ValidateTeachMintSCLCertificateTest -->
